<?xml version="1.0" encoding="UTF-8"?>
<!-- Generated by org.testng.reporters.JUnitReportReporter -->
<testsuite skipped="0" hostname="BESTcomputer-PC" name="BaseTest" tests="1" failures="0" timestamp="2020-01-16T15:19:15 IST" time="118.512" errors="0">
  <testcase name="BrowserLaunch" time="118.512" classname="BaseTest"/>
  <system-out/>
</testsuite> <!-- BaseTest -->
